E:\HY\NONLINEAREDIT\NONLINEAREDIT\X64\RELEASE\.NETFRAMEWORK,VERSION=V4.0.ASSEMBLYATTRIBUTES.OBJ
E:\HY\NONLINEAREDIT\NONLINEAREDIT\X64\RELEASE\APP.RES
E:\HY\NONLINEAREDIT\NONLINEAREDIT\X64\RELEASE\ASSEMBLYINFO.OBJ
E:\HY\NONLINEAREDIT\NONLINEAREDIT\X64\RELEASE\CHOOSEFPSUSEFORM.OBJ
E:\hy\NonLinearEdit\NonLinearEdit\x64\Release\cl.command.1.tlog
E:\hy\NonLinearEdit\NonLinearEdit\x64\Release\CL.read.1.tlog
E:\hy\NonLinearEdit\NonLinearEdit\x64\Release\CL.write.1.tlog
E:\HY\NONLINEAREDIT\NONLINEAREDIT\X64\RELEASE\CREATERECTVEDIO.OBJ
E:\HY\NONLINEAREDIT\NONLINEAREDIT\X64\RELEASE\IMAGESHOW.OBJ
E:\hy\NonLinearEdit\NonLinearEdit\x64\Release\link.command.1.tlog
E:\hy\NonLinearEdit\NonLinearEdit\x64\Release\link.read.1.tlog
E:\hy\NonLinearEdit\NonLinearEdit\x64\Release\link.write.1.tlog
E:\hy\NonLinearEdit\NonLinearEdit\x64\Release\link-cvtres.read.1.tlog
E:\hy\NonLinearEdit\NonLinearEdit\x64\Release\link-cvtres.write.1.tlog
E:\HY\NONLINEAREDIT\NONLINEAREDIT\X64\RELEASE\LOADINGFORM.OBJ
E:\hy\NonLinearEdit\NonLinearEdit\x64\Release\mt.command.1.tlog
E:\hy\NonLinearEdit\NonLinearEdit\x64\Release\mt.read.1.tlog
E:\hy\NonLinearEdit\NonLinearEdit\x64\Release\mt.write.1.tlog
E:\hy\NonLinearEdit\NonLinearEdit\x64\Release\NonLinearEdit.ChooseFpsuseForm.resources
E:\HY\NONLINEAREDIT\NONLINEAREDIT\X64\RELEASE\NONLINEAREDIT.DLL.INTERMEDIATE.MANIFEST
E:\hy\NonLinearEdit\NonLinearEdit\x64\Release\NonLinearEdit.LoadingForm.resources
E:\hy\NonLinearEdit\NonLinearEdit\x64\Release\NonLinearEdit.NonLinearEditControl.resources
E:\HY\NONLINEAREDIT\NONLINEAREDIT\X64\RELEASE\NONLINEAREDIT.PCH
E:\hy\NonLinearEdit\NonLinearEdit\x64\Release\NonLinearEdit.vcxproj.GenerateResource.Cache
E:\hy\NonLinearEdit\NonLinearEdit\x64\Release\NonLinearEdit.write.1.tlog
E:\HY\NONLINEAREDIT\NONLINEAREDIT\X64\RELEASE\NONLINEAREDITCONTROL.OBJ
E:\HY\NONLINEAREDIT\NONLINEAREDIT\X64\RELEASE\POINTADDRESS.OBJ
E:\hy\NonLinearEdit\NonLinearEdit\x64\Release\rc.command.1.tlog
E:\hy\NonLinearEdit\NonLinearEdit\x64\Release\rc.read.1.tlog
E:\hy\NonLinearEdit\NonLinearEdit\x64\Release\rc.write.1.tlog
E:\HY\NONLINEAREDIT\NONLINEAREDIT\X64\RELEASE\RECTBOX.OBJ
E:\HY\NONLINEAREDIT\NONLINEAREDIT\X64\RELEASE\STDAFX.OBJ
E:\HY\NONLINEAREDIT\NONLINEAREDIT\X64\RELEASE\VC100.PDB
E:\hy\NonLinearEdit\x64\Release\DevComponents.DotNetBar.Design.dll
E:\hy\NonLinearEdit\x64\Release\DevComponents.DotNetBar.Keyboard.dll
E:\hy\NonLinearEdit\x64\Release\DevComponents.DotNetBar.Schedule.dll
E:\hy\NonLinearEdit\x64\Release\DevComponents.DotNetBar.SuperGrid.dll
E:\hy\NonLinearEdit\x64\Release\DevComponents.DotNetBar2.dll
E:\hy\NonLinearEdit\x64\Release\DevComponents.Instrumentation.Design.dll
E:\hy\NonLinearEdit\x64\Release\DevComponents.Instrumentation.dll
E:\hy\NonLinearEdit\x64\Release\DevComponents.SuperGrid.Design.dll
E:\hy\NonLinearEdit\x64\Release\DevComponents.TreeGX.dll
E:\HY\NONLINEAREDIT\X64\RELEASE\NONLINEAREDIT.DLL
E:\HY\NONLINEAREDIT\X64\RELEASE\NONLINEAREDIT.PDB
